# vsim associative_array -l associative_array.log -c -do "run -all; exit;" 
# Start time: 11:14:38 on Sep 05,2023
# ** Note: (vsim-3812) Design is being optimized...
# //  Questa Sim
# //  Version 10.6c linux Jul 25 2017
# //
# //  Copyright 1991-2017 Mentor Graphics Corporation
# //  All Rights Reserved.
# //
# //  QuestaSim and its associated documentation contain trade
# //  secrets and commercial or financial information that are the property of
# //  Mentor Graphics Corporation and are privileged, confidential,
# //  and exempt from disclosure under the Freedom of Information Act,
# //  5 U.S.C. Section 552. Furthermore, this information
# //  is prohibited from disclosure under the Trade Secrets Act,
# //  18 U.S.C. Section 1905.
# //
# Loading sv_std.std
# Loading work.associative_array(fast)
# run -all
# size=4
# 1 if exist else 0          0
# 1 if exist else 0          1
# first index value =100
# last index value =77
# first index value =99
# ** Note: $finish    : associative_array.sv(38)
#    Time: 1 ns  Iteration: 0  Instance: /associative_array
# End time: 11:14:38 on Sep 05,2023, Elapsed time: 0:00:00
# Errors: 0, Warnings: 0
