# vsim dynamic_array -l dynamic_array.log -c -do "run -all; exit;" 
# Start time: 14:43:46 on Sep 05,2023
# ** Note: (vsim-8009) Loading existing optimized design _opt2
# //  Questa Sim
# //  Version 10.6c linux Jul 25 2017
# //
# //  Copyright 1991-2017 Mentor Graphics Corporation
# //  All Rights Reserved.
# //
# //  QuestaSim and its associated documentation contain trade
# //  secrets and commercial or financial information that are the property of
# //  Mentor Graphics Corporation and are privileged, confidential,
# //  and exempt from disclosure under the Freedom of Information Act,
# //  5 U.S.C. Section 552. Furthermore, this information
# //  is prohibited from disclosure under the Trade Secrets Act,
# //  18 U.S.C. Section 1905.
# //
# Loading sv_std.std
# Loading work.dynamic_array(fast)
# run -all
# Setting array size to 4
# Initialize the array with 0,1,2,3 values
# after increasing size=8
# mem[0]=0
# mem[1]=1
# mem[2]=2
# mem[3]=3
# mem[4]=0
# mem[5]=0
# mem[6]=0
# mem[7]=0
# updated size after deletion = 0
# ** Note: $finish    : dynamic_array.sv(24)
#    Time: 1 ns  Iteration: 0  Instance: /dynamic_array
# End time: 14:43:46 on Sep 05,2023, Elapsed time: 0:00:00
# Errors: 0, Warnings: 0
