# vsim fork_join_none -l fork_join_none.log -c -do "run -all; exit;" 
# Start time: 15:10:53 on Sep 05,2023
# ** Note: (vsim-3812) Design is being optimized...
# //  Questa Sim
# //  Version 10.6c linux Jul 25 2017
# //
# //  Copyright 1991-2017 Mentor Graphics Corporation
# //  All Rights Reserved.
# //
# //  QuestaSim and its associated documentation contain trade
# //  secrets and commercial or financial information that are the property of
# //  Mentor Graphics Corporation and are privileged, confidential,
# //  and exempt from disclosure under the Freedom of Information Act,
# //  5 U.S.C. Section 552. Furthermore, this information
# //  is prohibited from disclosure under the Trade Secrets Act,
# //  18 U.S.C. Section 1905.
# //
# Loading sv_std.std
# Loading work.fork_join_none(fast)
# run -all
#  BEFORE fork  time =                   10 
#  time =                   10 Outside the main fork 
# ** Note: implicit $finish from program    : fork_join_none.sv(22)
#    Time: 10 ns  Iteration: 0  Instance: /fork_join_none
# End time: 15:10:53 on Sep 05,2023, Elapsed time: 0:00:00
# Errors: 0, Warnings: 0
