# vsim fork_join_any -l fork_join_any.log -c -do "run -all; exit;" 
# Start time: 14:52:28 on Sep 05,2023
# ** Note: (vsim-3812) Design is being optimized...
# //  Questa Sim
# //  Version 10.6c linux Jul 25 2017
# //
# //  Copyright 1991-2017 Mentor Graphics Corporation
# //  All Rights Reserved.
# //
# //  QuestaSim and its associated documentation contain trade
# //  secrets and commercial or financial information that are the property of
# //  Mentor Graphics Corporation and are privileged, confidential,
# //  and exempt from disclosure under the Freedom of Information Act,
# //  5 U.S.C. Section 552. Furthermore, this information
# //  is prohibited from disclosure under the Trade Secrets Act,
# //  18 U.S.C. Section 1905.
# //
# Loading sv_std.std
# Loading work.fork_join_any(fast)
# run -all
#  BEFORE fork  time =                   10 
# time =                   15 # 5  
#  time =                   15 Outside the main fork 
# time =                   20 # 10  
# time =                   30 # 20  
# ** Note: implicit $finish from program    : fork_join_any.sv(8)
#    Time: 30 ns  Iteration: 0  Instance: /fork_join_any
# End time: 14:52:29 on Sep 05,2023, Elapsed time: 0:00:01
# Errors: 0, Warnings: 0
