# vsim packed_and_unpacked -l packed_and_unpacked.log -c -do "run -all; exit;" 
# Start time: 15:58:08 on Sep 05,2023
# ** Note: (vsim-3813) Design is being optimized due to module recompilation...
# //  Questa Sim
# //  Version 10.6c linux Jul 25 2017
# //
# //  Copyright 1991-2017 Mentor Graphics Corporation
# //  All Rights Reserved.
# //
# //  QuestaSim and its associated documentation contain trade
# //  secrets and commercial or financial information that are the property of
# //  Mentor Graphics Corporation and are privileged, confidential,
# //  and exempt from disclosure under the Freedom of Information Act,
# //  5 U.S.C. Section 552. Furthermore, this information
# //  is prohibited from disclosure under the Trade Secrets Act,
# //  18 U.S.C. Section 1905.
# //
# Loading sv_std.std
# Loading work.packed_and_unpacked(fast)
# run -all
# zeroth element of packed array 0
# zeroth element of unpacked array 1
# packed array=aa
# unpacked array=0 0 0 0 0 0 0 1
# ** Note: $finish    : packed_and_unpacked.sv(20)
#    Time: 1 ns  Iteration: 0  Instance: /packed_and_unpacked
# End time: 15:58:09 on Sep 05,2023, Elapsed time: 0:00:01
# Errors: 0, Warnings: 0
